<?xml version="1.0" encoding="UTF-8"?>
<!-- Generated by org.testng.reporters.JUnitReportReporter -->
<testsuite hostname="NandaKumar" failures="0" tests="2" name="parallelEcecutionusingTestNG.TESTNGparallelexecution" time="5.189" errors="0" timestamp="2025-03-02T17:28:56 IST" skipped="0">
  <testcase classname="parallelEcecutionusingTestNG.TESTNGparallelexecution" name="test2" time="1.893"/>
  <testcase classname="parallelEcecutionusingTestNG.TESTNGparallelexecution" name="test1" time="3.296"/>
</testsuite> <!-- parallelEcecutionusingTestNG.TESTNGparallelexecution -->
