<?xml version="1.0" encoding="UTF-8"?>
<!-- Generated by org.testng.reporters.JUnitReportReporter -->
<testsuite hostname="NandaKumar" failures="0" tests="1" name="Incubation.ScrollupanddownWebsite" time="8.096" errors="0" timestamp="2024-12-01T13:17:28 IST" skipped="0">
  <testcase classname="Incubation.ScrollupanddownWebsite" name="scroll" time="8.096"/>
</testsuite> <!-- Incubation.ScrollupanddownWebsite -->
