<?xml version="1.0" encoding="UTF-8"?>
<!-- Generated by org.testng.reporters.JUnitReportReporter -->
<testsuite hostname="NandaKumar" failures="0" tests="1" name="scriptToCheckTestNGAddorNot" time="0.022" errors="0" timestamp="2024-11-24T19:51:40 IST" skipped="0">
  <testcase classname="scriptToCheckTestNGAddorNot" name="foo" time="0.022"/>
</testsuite> <!-- scriptToCheckTestNGAddorNot -->
