<?xml version="1.0" encoding="UTF-8"?>
<!-- Generated by org.testng.reporters.JUnitReportReporter -->
<testsuite hostname="NandaKumar" failures="0" tests="1" name="Incubation.fetch_links_and_refrence_point_OfKannadaFBpage" time="3.611" errors="0" timestamp="2024-12-01T00:00:22 IST" skipped="0">
  <testcase classname="Incubation.fetch_links_and_refrence_point_OfKannadaFBpage" name="fetchlink" time="3.611"/>
</testsuite> <!-- Incubation.fetch_links_and_refrence_point_OfKannadaFBpage -->
