<?xml version="1.0" encoding="UTF-8"?>
<!-- Generated by org.testng.reporters.JUnitReportReporter -->
<testsuite hostname="NandaKumar" failures="0" tests="1" name="Incubation.Fetch_Tooltip_AND_RefrencePoint_in_WebSite" time="14.274" errors="0" timestamp="2024-12-01T19:35:23 IST" skipped="0">
  <testcase classname="Incubation.Fetch_Tooltip_AND_RefrencePoint_in_WebSite" name="fetchTooltip" time="14.274"/>
</testsuite> <!-- Incubation.Fetch_Tooltip_AND_RefrencePoint_in_WebSite -->
