<?xml version="1.0" encoding="UTF-8"?>
<!-- Generated by org.testng.reporters.JUnitReportReporter -->
<testsuite hostname="NandaKumar" failures="0" tests="1" name="TestNG.incubation_Run_multiple_method" time="5.615" errors="0" timestamp="2024-11-30T23:55:39 IST" skipped="0">
  <testcase classname="TestNG.incubation_Run_multiple_method" name="logintoIncubation" time="5.615"/>
</testsuite> <!-- TestNG.incubation_Run_multiple_method -->
