<?xml version="1.0" encoding="UTF-8"?>
<!-- Generated by org.testng.reporters.JUnitReportReporter -->
<testsuite hostname="NandaKumar" failures="0" tests="1" name="Incubation.WAS_To_Fetch_errorMsg_and_welcome_text" time="7.421" errors="0" timestamp="2024-12-01T20:14:01 IST" skipped="0">
  <testcase classname="Incubation.WAS_To_Fetch_errorMsg_and_welcome_text" name="errormsg" time="7.421"/>
</testsuite> <!-- Incubation.WAS_To_Fetch_errorMsg_and_welcome_text -->
